Using pre-set license
Built from '2020.3/release' branch; Version is '2020.3.7f1 (dd97f2c94397) revision 14522354'; Using compiler version '192528614'; Build Type 'Release'
OS: 'Windows 10 Pro; OS build 19042.928; Version 2009; 64bit' Language: 'tr' Physical Memory: 3959 MB
BatchMode: 1, IsHumanControllingUs: 0, StartBugReporterOnCrash: 0, Is64bit: 1, IsPro: 0

 COMMAND LINE ARGUMENTS:
C:\Program Files\Unity\Hub\Editor\2020.3.7f1\Editor\Unity.exe
-adb2
-batchMode
-noUpm
-name
AssetImportWorker0
-projectPath
C:/Users/Mücahid/Documents/GitHub/Test/Uzay Macarasi
-logFile
Logs/AssetImportWorker0.log
-srvPort
60181
Successfully changed project path to: C:/Users/Mücahid/Documents/GitHub/Test/Uzay Macarasi
C:/Users/Mücahid/Documents/GitHub/Test/Uzay Macarasi
Using Asset Import Pipeline V2.
Refreshing native plugins compatible for Editor in 59.07 ms, found 0 plugins.
Preloading 0 native plugins for Editor in 0.00 ms.
Initialize engine version: 2020.3.7f1 (dd97f2c94397)
[Subsystems] Discovering subsystems at path C:/Program Files/Unity/Hub/Editor/2020.3.7f1/Editor/Data/Resources/UnitySubsystems
[Subsystems] Discovering subsystems at path C:/Users/Mücahid/Documents/GitHub/Test/Uzay Macarasi/Assets
GfxDevice: creating device client; threaded=0
Direct3D:
    Version:  Direct3D 11.0 [level 11.0]
    Renderer: NVIDIA GeForce GT 440 (ID=0xde0)
    Vendor:   
    VRAM:     1989 MB
    Driver:   23.21.13.9135
Initialize mono
Mono path[0] = 'C:/Program Files/Unity/Hub/Editor/2020.3.7f1/Editor/Data/Managed'
Mono path[1] = 'C:/Program Files/Unity/Hub/Editor/2020.3.7f1/Editor/Data/MonoBleedingEdge/lib/mono/unityjit'
Mono config path = 'C:/Program Files/Unity/Hub/Editor/2020.3.7f1/Editor/Data/MonoBleedingEdge/etc'
Using monoOptions --debugger-agent=transport=dt_socket,embedding=1,server=y,suspend=n,address=127.0.0.1:56620
Begin MonoManager ReloadAssembly
Registering precompiled unity dll's ...
Register platform support module: C:/Program Files/Unity/Hub/Editor/2020.3.7f1/Editor/Data/PlaybackEngines/WindowsStandaloneSupport/UnityEditor.WindowsStandalone.Extensions.dll
Registered in 0.003455 seconds.
Native extension for WindowsStandalone target not found
Refreshing native plugins compatible for Editor in 45.31 ms, found 0 plugins.
Preloading 0 native plugins for Editor in 0.00 ms.
Mono: successfully reloaded assembly
- Completed reload, in  3.360 seconds
Platform modules already initialized, skipping
Registering precompiled user dll's ...
Registered in 0.001299 seconds.
Begin MonoManager ReloadAssembly
Native extension for WindowsStandalone target not found
Refreshing native plugins compatible for Editor in 0.47 ms, found 0 plugins.
Preloading 0 native plugins for Editor in 0.00 ms.
Mono: successfully reloaded assembly
- Completed reload, in  1.894 seconds
Platform modules already initialized, skipping
========================================================================
Worker process is ready to serve import requests
Launched and connected shader compiler UnityShaderCompiler.exe after 0.08 seconds
Refreshing native plugins compatible for Editor in 0.53 ms, found 0 plugins.
Preloading 0 native plugins for Editor in 0.00 ms.
Unloading 1197 Unused Serialized files (Serialized files now loaded: 0)
System memory in use before: 59.7 MB.
System memory in use after: 59.8 MB.

Unloading 13 unused Assets to reduce memory usage. Loaded Objects now: 1643.
Total: 2.954300 ms (FindLiveObjects: 0.325900 ms CreateObjectMapping: 0.160700 ms MarkObjects: 2.368700 ms  DeleteObjects: 0.097000 ms)

========================================================================
Received Import Request.
  path: Assets/Font/Distress.ttf
  artifactKey: Guid(84fc32381b681c4499b7bf78720d14f2) Importer(815301076,1909f56bfc062723c751e8b465ee728b)
Start importing Assets/Font/Distress.ttf using Guid(84fc32381b681c4499b7bf78720d14f2) Importer(815301076,1909f56bfc062723c751e8b465ee728b)  -> (artifact id: 'e4a1fcf2b7e2114c8060ee1364d52204') in 0.194213 seconds
  Import took 0.199325 seconds .

========================================================================
Received Import Request.
  Time since last request: 4026.120885 seconds.
  path: Assets/Sprites
  artifactKey: Guid(f90726a80f6c0374b9282e304451151f) Importer(815301076,1909f56bfc062723c751e8b465ee728b)
Start importing Assets/Sprites using Guid(f90726a80f6c0374b9282e304451151f) Importer(815301076,1909f56bfc062723c751e8b465ee728b)  -> (artifact id: '53308e6b1c353b7746a8723c2163c93b') in 0.016527 seconds
  Import took 0.028203 seconds .

========================================================================
Received Import Request.
  Time since last request: 5.640020 seconds.
  path: Assets/Sprites/UI
  artifactKey: Guid(f26111cc30d081443866531c22bc9deb) Importer(815301076,1909f56bfc062723c751e8b465ee728b)
Start importing Assets/Sprites/UI using Guid(f26111cc30d081443866531c22bc9deb) Importer(815301076,1909f56bfc062723c751e8b465ee728b)  -> (artifact id: '5c9ce72cb570d1c035eafcb93aaceb8e') in 0.013381 seconds
  Import took 0.018414 seconds .

========================================================================
Received Import Request.
  Time since last request: 12.109077 seconds.
  path: Assets/Sprites/UI/UI elemets.png
  artifactKey: Guid(5c7eafa08472ab842a723975ff377f27) Importer(815301076,1909f56bfc062723c751e8b465ee728b)
Start importing Assets/Sprites/UI/UI elemets.png using Guid(5c7eafa08472ab842a723975ff377f27) Importer(815301076,1909f56bfc062723c751e8b465ee728b)  -> (artifact id: '9702ec8114e546d8752de216fcafa29d') in 0.145481 seconds
  Import took 0.150301 seconds .

========================================================================
Received Import Request.
  Time since last request: 6.292546 seconds.
  path: Assets/Sprites/UI/UI elemets.png
  artifactKey: Guid(5c7eafa08472ab842a723975ff377f27) Importer(815301076,1909f56bfc062723c751e8b465ee728b)
Start importing Assets/Sprites/UI/UI elemets.png using Guid(5c7eafa08472ab842a723975ff377f27) Importer(815301076,1909f56bfc062723c751e8b465ee728b)  -> (artifact id: '621c2fd5b26a90a26d6563e635348fb4') in 0.033541 seconds
  Import took 0.039799 seconds .

========================================================================
Received Import Request.
  Time since last request: 131.535629 seconds.
  path: Assets/Sprites/UI/UI_elemets-removebg-preview.png
  artifactKey: Guid(de3bba3b3111e264b8bedba28fc927b0) Importer(815301076,1909f56bfc062723c751e8b465ee728b)
Start importing Assets/Sprites/UI/UI_elemets-removebg-preview.png using Guid(de3bba3b3111e264b8bedba28fc927b0) Importer(815301076,1909f56bfc062723c751e8b465ee728b)  -> (artifact id: '42c9f215b908336f9f6d99e2c8a4339c') in 0.036567 seconds
  Import took 0.044304 seconds .

========================================================================
Received Import Request.
  Time since last request: 8.065387 seconds.
  path: Assets/Sprites/UI/UI_elemets-removebg-preview.png
  artifactKey: Guid(de3bba3b3111e264b8bedba28fc927b0) Importer(815301076,1909f56bfc062723c751e8b465ee728b)
Start importing Assets/Sprites/UI/UI_elemets-removebg-preview.png using Guid(de3bba3b3111e264b8bedba28fc927b0) Importer(815301076,1909f56bfc062723c751e8b465ee728b)  -> (artifact id: '5620b148df174779526f86400ced6e03') in 0.026288 seconds
  Import took 0.033610 seconds .

========================================================================
Received Import Request.
  Time since last request: 0.009677 seconds.
  path: Assets/Sprites/UI/UI_elemets-removebg-preview.png
  artifactKey: Guid(de3bba3b3111e264b8bedba28fc927b0) Importer(815301076,1909f56bfc062723c751e8b465ee728b)
Start importing Assets/Sprites/UI/UI_elemets-removebg-preview.png using Guid(de3bba3b3111e264b8bedba28fc927b0) Importer(815301076,1909f56bfc062723c751e8b465ee728b)  -> (artifact id: '5620b148df174779526f86400ced6e03') in 0.017569 seconds
  Import took 0.023341 seconds .

========================================================================
Received Import Request.
  Time since last request: 44.369177 seconds.
  path: Assets/Sprites/UI/UI_elemets-removebg-preview.png
  artifactKey: Guid(de3bba3b3111e264b8bedba28fc927b0) Importer(815301076,1909f56bfc062723c751e8b465ee728b)
Start importing Assets/Sprites/UI/UI_elemets-removebg-preview.png using Guid(de3bba3b3111e264b8bedba28fc927b0) Importer(815301076,1909f56bfc062723c751e8b465ee728b)  -> (artifact id: '83beb1fc34f4951e2b1aa30060558769') in 0.111084 seconds
  Import took 0.115764 seconds .

========================================================================
Received Import Request.
  Time since last request: 214.778763 seconds.
  path: Assets/Sprites/Player/Walk.png
  artifactKey: Guid(eb677e219e6a6744fbd0d29ec124f4ee) Importer(815301076,1909f56bfc062723c751e8b465ee728b)
Start importing Assets/Sprites/Player/Walk.png using Guid(eb677e219e6a6744fbd0d29ec124f4ee) Importer(815301076,1909f56bfc062723c751e8b465ee728b)  -> (artifact id: 'dbae2d374fa289a61dd8c8b26f6f822a') in 0.264919 seconds
  Import took 0.274091 seconds .

========================================================================
Received Import Request.
  Time since last request: 0.003355 seconds.
  path: Assets/Sprites/Player/Walk.png
  artifactKey: Guid(eb677e219e6a6744fbd0d29ec124f4ee) Importer(815301076,1909f56bfc062723c751e8b465ee728b)
Start importing Assets/Sprites/Player/Walk.png using Guid(eb677e219e6a6744fbd0d29ec124f4ee) Importer(815301076,1909f56bfc062723c751e8b465ee728b)  -> (artifact id: 'dbae2d374fa289a61dd8c8b26f6f822a') in 0.176899 seconds
  Import took 0.182114 seconds .

========================================================================
Received Import Request.
  Time since last request: 517.141950 seconds.
  path: Assets/Sprites/UI/UI_elemets-removebg-preview (2).png
  artifactKey: Guid(c31b7e73cd16a9548b1457d6bb1dfcb7) Importer(815301076,1909f56bfc062723c751e8b465ee728b)
Start importing Assets/Sprites/UI/UI_elemets-removebg-preview (2).png using Guid(c31b7e73cd16a9548b1457d6bb1dfcb7) Importer(815301076,1909f56bfc062723c751e8b465ee728b)  -> (artifact id: 'b7f3d8f194e25392af6c9cf7afca9ef6') in 0.038238 seconds
  Import took 0.044142 seconds .

========================================================================
Received Import Request.
  Time since last request: 6.417984 seconds.
  path: Assets/Sprites/UI/UI_elemets-removebg-preview (2).png
  artifactKey: Guid(c31b7e73cd16a9548b1457d6bb1dfcb7) Importer(815301076,1909f56bfc062723c751e8b465ee728b)
Start importing Assets/Sprites/UI/UI_elemets-removebg-preview (2).png using Guid(c31b7e73cd16a9548b1457d6bb1dfcb7) Importer(815301076,1909f56bfc062723c751e8b465ee728b)  -> (artifact id: '53e0c73d545b82d7137f41a96144e3cb') in 0.028457 seconds
  Import took 0.033301 seconds .

========================================================================
Received Import Request.
  Time since last request: 0.012373 seconds.
  path: Assets/Sprites/UI/UI_elemets-removebg-preview (2).png
  artifactKey: Guid(c31b7e73cd16a9548b1457d6bb1dfcb7) Importer(815301076,1909f56bfc062723c751e8b465ee728b)
Start importing Assets/Sprites/UI/UI_elemets-removebg-preview (2).png using Guid(c31b7e73cd16a9548b1457d6bb1dfcb7) Importer(815301076,1909f56bfc062723c751e8b465ee728b)  -> (artifact id: '53e0c73d545b82d7137f41a96144e3cb') in 0.025453 seconds
  Import took 0.030957 seconds .

========================================================================
Received Import Request.
  Time since last request: 13.623138 seconds.
  path: Assets/Sprites/UI/UI_elemets-removebg-preview (2).png
  artifactKey: Guid(c31b7e73cd16a9548b1457d6bb1dfcb7) Importer(815301076,1909f56bfc062723c751e8b465ee728b)
Start importing Assets/Sprites/UI/UI_elemets-removebg-preview (2).png using Guid(c31b7e73cd16a9548b1457d6bb1dfcb7) Importer(815301076,1909f56bfc062723c751e8b465ee728b)  -> (artifact id: '30f291bfff0c15b9867ed5a9557ec0ac') in 0.129232 seconds
  Import took 0.135239 seconds .

========================================================================
Received Import Request.
  Time since last request: 311.446235 seconds.
  path: Assets/Animations
  artifactKey: Guid(396616f9cc8bdab46addef4b9808dba6) Importer(815301076,1909f56bfc062723c751e8b465ee728b)
Start importing Assets/Animations using Guid(396616f9cc8bdab46addef4b9808dba6) Importer(815301076,1909f56bfc062723c751e8b465ee728b)  -> (artifact id: '8dda5dcdda5779d17c1d2111c80df177') in 0.024788 seconds
  Import took 0.032201 seconds .

========================================================================
Received Import Request.
  Time since last request: 6.007291 seconds.
  path: Assets/Animations/Menu
  artifactKey: Guid(22ac1ef7d8ce30c4e821292e85040fde) Importer(815301076,1909f56bfc062723c751e8b465ee728b)
Start importing Assets/Animations/Menu using Guid(22ac1ef7d8ce30c4e821292e85040fde) Importer(815301076,1909f56bfc062723c751e8b465ee728b)  -> (artifact id: '751d7cbe63a514a211c0acf7050dfe66') in 0.015731 seconds
  Import took 0.022788 seconds .

========================================================================
Received Import Request.
  Time since last request: 166.670435 seconds.
  path: Assets/Animations/Menu/OyunAdi.Animation.anim
  artifactKey: Guid(2231acc57843a7d48b28ee0391918400) Importer(815301076,1909f56bfc062723c751e8b465ee728b)
Start importing Assets/Animations/Menu/OyunAdi.Animation.anim using Guid(2231acc57843a7d48b28ee0391918400) Importer(815301076,1909f56bfc062723c751e8b465ee728b)  -> (artifact id: 'b033a8f176146d2c09a644b8d3b23aed') in 0.023524 seconds
  Import took 0.028813 seconds .

========================================================================
Received Import Request.
  Time since last request: 0.000884 seconds.
  path: Assets/Animations/Menu/OyunAdi.Animation.anim
  artifactKey: Guid(2231acc57843a7d48b28ee0391918400) Importer(815301076,1909f56bfc062723c751e8b465ee728b)
Start importing Assets/Animations/Menu/OyunAdi.Animation.anim using Guid(2231acc57843a7d48b28ee0391918400) Importer(815301076,1909f56bfc062723c751e8b465ee728b)  -> (artifact id: 'b033a8f176146d2c09a644b8d3b23aed') in 0.007319 seconds
  Import took 0.012693 seconds .

========================================================================
Received Prepare
Registering precompiled user dll's ...
Registered in 0.001468 seconds.
Begin MonoManager ReloadAssembly
Native extension for WindowsStandalone target not found
Refreshing native plugins compatible for Editor in 0.45 ms, found 0 plugins.
Preloading 0 native plugins for Editor in 0.00 ms.
Mono: successfully reloaded assembly
- Completed reload, in  1.583 seconds
Platform modules already initialized, skipping
Switching build target platform(5) subTarget(0) extendedPlatform(0) -> platform(13) subTarget(537395200) extendedPlatform(0)
Refreshing native plugins compatible for Editor in 0.44 ms, found 0 plugins.
Preloading 0 native plugins for Editor in 0.00 ms.
Unloading 1195 Unused Serialized files (Serialized files now loaded: 0)
System memory in use before: 63.3 MB.
System memory in use after: 63.4 MB.

Unloading 4 unused Assets to reduce memory usage. Loaded Objects now: 1733.
Total: 3.085800 ms (FindLiveObjects: 0.258300 ms CreateObjectMapping: 0.072600 ms MarkObjects: 2.722600 ms  DeleteObjects: 0.029900 ms)

AssetImportParameters requested are different than current active one (requested -> active):
  custom:graphics/normal-map-encoding: 01000000000000000000000000000000 -> 02000000000000000000000000000000
========================================================================
Received Prepare
Registering precompiled user dll's ...
Registered in 0.001262 seconds.
Begin MonoManager ReloadAssembly
Native extension for WindowsStandalone target not found
Refreshing native plugins compatible for Editor in 0.45 ms, found 0 plugins.
Preloading 0 native plugins for Editor in 0.00 ms.
Mono: successfully reloaded assembly
- Completed reload, in  1.460 seconds
Platform modules already initialized, skipping
Switching build target platform(5) subTarget(0) extendedPlatform(0) -> platform(13) subTarget(537395200) extendedPlatform(0)
Refreshing native plugins compatible for Editor in 0.44 ms, found 0 plugins.
Preloading 0 native plugins for Editor in 0.00 ms.
Unloading 1195 Unused Serialized files (Serialized files now loaded: 0)
System memory in use before: 63.3 MB.
System memory in use after: 63.4 MB.

Unloading 4 unused Assets to reduce memory usage. Loaded Objects now: 1736.
Total: 3.028700 ms (FindLiveObjects: 0.306000 ms CreateObjectMapping: 0.072900 ms MarkObjects: 2.621900 ms  DeleteObjects: 0.024900 ms)

AssetImportParameters requested are different than current active one (requested -> active):
  custom:graphics/normal-map-encoding: 01000000000000000000000000000000 -> 02000000000000000000000000000000
========================================================================
Received Prepare
Registering precompiled user dll's ...
Registered in 0.001241 seconds.
Begin MonoManager ReloadAssembly
Native extension for WindowsStandalone target not found
Refreshing native plugins compatible for Editor in 0.45 ms, found 0 plugins.
Preloading 0 native plugins for Editor in 0.00 ms.
Mono: successfully reloaded assembly
- Completed reload, in  1.551 seconds
Platform modules already initialized, skipping
Switching build target platform(5) subTarget(0) extendedPlatform(0) -> platform(13) subTarget(537395200) extendedPlatform(0)
Refreshing native plugins compatible for Editor in 0.45 ms, found 0 plugins.
Preloading 0 native plugins for Editor in 0.00 ms.
Unloading 1195 Unused Serialized files (Serialized files now loaded: 0)
System memory in use before: 63.3 MB.
System memory in use after: 63.4 MB.

Unloading 4 unused Assets to reduce memory usage. Loaded Objects now: 1739.
Total: 3.125600 ms (FindLiveObjects: 0.398300 ms CreateObjectMapping: 0.088600 ms MarkObjects: 2.609500 ms  DeleteObjects: 0.026700 ms)

AssetImportParameters requested are different than current active one (requested -> active):
  custom:graphics/normal-map-encoding: 01000000000000000000000000000000 -> 02000000000000000000000000000000
========================================================================
Received Import Request.
  Time since last request: 369.363047 seconds.
  path: Assets/Animations/Menu/OyunAdiText.controller
  artifactKey: Guid(65b591ab0e267c842868ba79dc55712e) Importer(815301076,1909f56bfc062723c751e8b465ee728b)
Start importing Assets/Animations/Menu/OyunAdiText.controller using Guid(65b591ab0e267c842868ba79dc55712e) Importer(815301076,1909f56bfc062723c751e8b465ee728b)  -> (artifact id: '0c8d869c0571ea84394a86591effb263') in 0.033158 seconds
  Import took 0.037999 seconds .

========================================================================
Received Prepare
Registering precompiled user dll's ...
Registered in 0.001292 seconds.
Begin MonoManager ReloadAssembly
Native extension for WindowsStandalone target not found
Refreshing native plugins compatible for Editor in 0.46 ms, found 0 plugins.
Preloading 0 native plugins for Editor in 0.00 ms.
Mono: successfully reloaded assembly
- Completed reload, in  1.473 seconds
Platform modules already initialized, skipping
Switching build target platform(5) subTarget(0) extendedPlatform(0) -> platform(13) subTarget(537395200) extendedPlatform(0)
Refreshing native plugins compatible for Editor in 0.47 ms, found 0 plugins.
Preloading 0 native plugins for Editor in 0.00 ms.
Unloading 1195 Unused Serialized files (Serialized files now loaded: 0)
System memory in use before: 63.3 MB.
System memory in use after: 63.4 MB.

Unloading 4 unused Assets to reduce memory usage. Loaded Objects now: 1742.
Total: 2.801200 ms (FindLiveObjects: 0.258100 ms CreateObjectMapping: 0.073400 ms MarkObjects: 2.437000 ms  DeleteObjects: 0.029800 ms)

AssetImportParameters requested are different than current active one (requested -> active):
  custom:graphics/normal-map-encoding: 01000000000000000000000000000000 -> 02000000000000000000000000000000
========================================================================
Received Prepare
Registering precompiled user dll's ...
Registered in 0.001261 seconds.
Begin MonoManager ReloadAssembly
Native extension for WindowsStandalone target not found
Refreshing native plugins compatible for Editor in 0.46 ms, found 0 plugins.
Preloading 0 native plugins for Editor in 0.00 ms.
Mono: successfully reloaded assembly
- Completed reload, in  1.572 seconds
Platform modules already initialized, skipping
Switching build target platform(5) subTarget(0) extendedPlatform(0) -> platform(13) subTarget(537395200) extendedPlatform(0)
Refreshing native plugins compatible for Editor in 0.46 ms, found 0 plugins.
Preloading 0 native plugins for Editor in 0.00 ms.
Unloading 1195 Unused Serialized files (Serialized files now loaded: 0)
System memory in use before: 63.4 MB.
System memory in use after: 63.5 MB.

Unloading 4 unused Assets to reduce memory usage. Loaded Objects now: 1745.
Total: 2.932100 ms (FindLiveObjects: 0.259100 ms CreateObjectMapping: 0.072500 ms MarkObjects: 2.565300 ms  DeleteObjects: 0.032700 ms)

AssetImportParameters requested are different than current active one (requested -> active):
  custom:graphics/normal-map-encoding: 01000000000000000000000000000000 -> 02000000000000000000000000000000
========================================================================
Received Prepare
Registering precompiled user dll's ...
Registered in 0.001215 seconds.
Begin MonoManager ReloadAssembly
Native extension for WindowsStandalone target not found
Refreshing native plugins compatible for Editor in 0.45 ms, found 0 plugins.
Preloading 0 native plugins for Editor in 0.00 ms.
Mono: successfully reloaded assembly
- Completed reload, in  1.540 seconds
Platform modules already initialized, skipping
Switching build target platform(5) subTarget(0) extendedPlatform(0) -> platform(13) subTarget(537395200) extendedPlatform(0)
Refreshing native plugins compatible for Editor in 0.45 ms, found 0 plugins.
Preloading 0 native plugins for Editor in 0.00 ms.
Unloading 1195 Unused Serialized files (Serialized files now loaded: 0)
System memory in use before: 63.4 MB.
System memory in use after: 63.5 MB.

Unloading 4 unused Assets to reduce memory usage. Loaded Objects now: 1748.
Total: 2.921300 ms (FindLiveObjects: 0.398700 ms CreateObjectMapping: 0.088300 ms MarkObjects: 2.408500 ms  DeleteObjects: 0.023500 ms)

AssetImportParameters requested are different than current active one (requested -> active):
  custom:graphics/normal-map-encoding: 01000000000000000000000000000000 -> 02000000000000000000000000000000
========================================================================
Received Prepare
Registering precompiled user dll's ...
Registered in 0.001709 seconds.
Begin MonoManager ReloadAssembly
Native extension for WindowsStandalone target not found
Refreshing native plugins compatible for Editor in 0.46 ms, found 0 plugins.
Preloading 0 native plugins for Editor in 0.00 ms.
Mono: successfully reloaded assembly
- Completed reload, in  1.574 seconds
Platform modules already initialized, skipping
Switching build target platform(5) subTarget(0) extendedPlatform(0) -> platform(13) subTarget(537395200) extendedPlatform(0)
Refreshing native plugins compatible for Editor in 0.46 ms, found 0 plugins.
Preloading 0 native plugins for Editor in 0.00 ms.
Unloading 1195 Unused Serialized files (Serialized files now loaded: 0)
System memory in use before: 63.4 MB.
System memory in use after: 63.5 MB.

Unloading 4 unused Assets to reduce memory usage. Loaded Objects now: 1751.
Total: 3.320200 ms (FindLiveObjects: 0.441600 ms CreateObjectMapping: 0.087600 ms MarkObjects: 2.759100 ms  DeleteObjects: 0.029200 ms)

AssetImportParameters requested are different than current active one (requested -> active):
  custom:graphics/normal-map-encoding: 01000000000000000000000000000000 -> 02000000000000000000000000000000
========================================================================
Received Import Request.
  Time since last request: 139.133437 seconds.
  path: Assets/Animations/Menu/OyunuBaslat.Animation.anim
  artifactKey: Guid(83635d2b169ea2d40b20bd85cd37b2fb) Importer(815301076,1909f56bfc062723c751e8b465ee728b)
Start importing Assets/Animations/Menu/OyunuBaslat.Animation.anim using Guid(83635d2b169ea2d40b20bd85cd37b2fb) Importer(815301076,1909f56bfc062723c751e8b465ee728b)  -> (artifact id: 'cf548e04824e86d18f8484c7aefe316d') in 0.026345 seconds
  Import took 0.033251 seconds .

========================================================================
Received Import Request.
  Time since last request: 3.386284 seconds.
  path: Assets/Animations/Menu/OyunuBaslatButonu.controller
  artifactKey: Guid(3d036c29e2c018244b2db9eba7486cdc) Importer(815301076,1909f56bfc062723c751e8b465ee728b)
Start importing Assets/Animations/Menu/OyunuBaslatButonu.controller using Guid(3d036c29e2c018244b2db9eba7486cdc) Importer(815301076,1909f56bfc062723c751e8b465ee728b)  -> (artifact id: '22303402cb2853c6ff2eb8ced3acf599') in 0.017252 seconds
  Import took 0.022140 seconds .

========================================================================
Received Prepare
Registering precompiled user dll's ...
Registered in 0.001246 seconds.
Begin MonoManager ReloadAssembly
Native extension for WindowsStandalone target not found
Refreshing native plugins compatible for Editor in 0.56 ms, found 0 plugins.
Preloading 0 native plugins for Editor in 0.00 ms.
Mono: successfully reloaded assembly
- Completed reload, in  1.596 seconds
Platform modules already initialized, skipping
Switching build target platform(5) subTarget(0) extendedPlatform(0) -> platform(13) subTarget(537395200) extendedPlatform(0)
Refreshing native plugins compatible for Editor in 0.45 ms, found 0 plugins.
Preloading 0 native plugins for Editor in 0.00 ms.
Unloading 1195 Unused Serialized files (Serialized files now loaded: 0)
System memory in use before: 63.4 MB.
System memory in use after: 63.5 MB.

Unloading 4 unused Assets to reduce memory usage. Loaded Objects now: 1754.
Total: 3.039800 ms (FindLiveObjects: 0.267400 ms CreateObjectMapping: 0.072900 ms MarkObjects: 2.663700 ms  DeleteObjects: 0.032400 ms)

AssetImportParameters requested are different than current active one (requested -> active):
  custom:graphics/normal-map-encoding: 01000000000000000000000000000000 -> 02000000000000000000000000000000
========================================================================
Received Prepare
Registering precompiled user dll's ...
Registered in 0.001770 seconds.
Begin MonoManager ReloadAssembly
Native extension for WindowsStandalone target not found
Refreshing native plugins compatible for Editor in 0.46 ms, found 0 plugins.
Preloading 0 native plugins for Editor in 0.00 ms.
Mono: successfully reloaded assembly
- Completed reload, in  1.589 seconds
Platform modules already initialized, skipping
Switching build target platform(5) subTarget(0) extendedPlatform(0) -> platform(13) subTarget(537395200) extendedPlatform(0)
Refreshing native plugins compatible for Editor in 0.45 ms, found 0 plugins.
Preloading 0 native plugins for Editor in 0.00 ms.
Unloading 1195 Unused Serialized files (Serialized files now loaded: 0)
System memory in use before: 63.4 MB.
System memory in use after: 63.5 MB.

Unloading 4 unused Assets to reduce memory usage. Loaded Objects now: 1757.
Total: 3.036900 ms (FindLiveObjects: 0.430600 ms CreateObjectMapping: 0.088400 ms MarkObjects: 2.485500 ms  DeleteObjects: 0.029900 ms)

AssetImportParameters requested are different than current active one (requested -> active):
  custom:graphics/normal-map-encoding: 01000000000000000000000000000000 -> 02000000000000000000000000000000
========================================================================
Received Prepare
Registering precompiled user dll's ...
Registered in 0.001292 seconds.
Begin MonoManager ReloadAssembly
Native extension for WindowsStandalone target not found
Refreshing native plugins compatible for Editor in 0.52 ms, found 0 plugins.
Preloading 0 native plugins for Editor in 0.00 ms.
Mono: successfully reloaded assembly
- Completed reload, in  1.609 seconds
Platform modules already initialized, skipping
Switching build target platform(5) subTarget(0) extendedPlatform(0) -> platform(13) subTarget(537395200) extendedPlatform(0)
Refreshing native plugins compatible for Editor in 0.46 ms, found 0 plugins.
Preloading 0 native plugins for Editor in 0.00 ms.
Unloading 1195 Unused Serialized files (Serialized files now loaded: 0)
System memory in use before: 63.4 MB.
System memory in use after: 63.5 MB.

Unloading 4 unused Assets to reduce memory usage. Loaded Objects now: 1760.
Total: 3.149400 ms (FindLiveObjects: 0.398900 ms CreateObjectMapping: 0.080800 ms MarkObjects: 2.634900 ms  DeleteObjects: 0.032500 ms)

AssetImportParameters requested are different than current active one (requested -> active):
  custom:graphics/normal-map-encoding: 01000000000000000000000000000000 -> 02000000000000000000000000000000
========================================================================
Received Prepare
Registering precompiled user dll's ...
Registered in 0.001247 seconds.
Begin MonoManager ReloadAssembly
Native extension for WindowsStandalone target not found
Refreshing native plugins compatible for Editor in 0.45 ms, found 0 plugins.
Preloading 0 native plugins for Editor in 0.00 ms.
Mono: successfully reloaded assembly
- Completed reload, in  1.569 seconds
Platform modules already initialized, skipping
Switching build target platform(5) subTarget(0) extendedPlatform(0) -> platform(13) subTarget(537395200) extendedPlatform(0)
Refreshing native plugins compatible for Editor in 0.47 ms, found 0 plugins.
Preloading 0 native plugins for Editor in 0.00 ms.
Unloading 1195 Unused Serialized files (Serialized files now loaded: 0)
System memory in use before: 63.4 MB.
System memory in use after: 63.5 MB.

Unloading 4 unused Assets to reduce memory usage. Loaded Objects now: 1763.
Total: 3.124600 ms (FindLiveObjects: 0.458900 ms CreateObjectMapping: 0.087700 ms MarkObjects: 2.545300 ms  DeleteObjects: 0.029400 ms)

AssetImportParameters requested are different than current active one (requested -> active):
  custom:graphics/normal-map-encoding: 01000000000000000000000000000000 -> 02000000000000000000000000000000
========================================================================
Received Prepare
Registering precompiled user dll's ...
Registered in 0.001303 seconds.
Begin MonoManager ReloadAssembly
Native extension for WindowsStandalone target not found
Refreshing native plugins compatible for Editor in 0.45 ms, found 0 plugins.
Preloading 0 native plugins for Editor in 0.00 ms.
Mono: successfully reloaded assembly
- Completed reload, in  1.521 seconds
Platform modules already initialized, skipping
Switching build target platform(5) subTarget(0) extendedPlatform(0) -> platform(13) subTarget(537395200) extendedPlatform(0)
Refreshing native plugins compatible for Editor in 0.45 ms, found 0 plugins.
Preloading 0 native plugins for Editor in 0.00 ms.
Unloading 1195 Unused Serialized files (Serialized files now loaded: 0)
System memory in use before: 63.4 MB.
System memory in use after: 63.5 MB.

Unloading 4 unused Assets to reduce memory usage. Loaded Objects now: 1766.
Total: 3.193500 ms (FindLiveObjects: 0.451500 ms CreateObjectMapping: 0.112000 ms MarkObjects: 2.604300 ms  DeleteObjects: 0.023600 ms)

AssetImportParameters requested are different than current active one (requested -> active):
  custom:graphics/normal-map-encoding: 01000000000000000000000000000000 -> 02000000000000000000000000000000
========================================================================
Received Prepare
Registering precompiled user dll's ...
Registered in 0.001762 seconds.
Begin MonoManager ReloadAssembly
Native extension for WindowsStandalone target not found
Refreshing native plugins compatible for Editor in 0.46 ms, found 0 plugins.
Preloading 0 native plugins for Editor in 0.00 ms.
Mono: successfully reloaded assembly
- Completed reload, in  1.552 seconds
Platform modules already initialized, skipping
Switching build target platform(5) subTarget(0) extendedPlatform(0) -> platform(13) subTarget(537395200) extendedPlatform(0)
Refreshing native plugins compatible for Editor in 0.45 ms, found 0 plugins.
Preloading 0 native plugins for Editor in 0.00 ms.
Unloading 1195 Unused Serialized files (Serialized files now loaded: 0)
System memory in use before: 63.4 MB.
System memory in use after: 63.5 MB.

Unloading 4 unused Assets to reduce memory usage. Loaded Objects now: 1769.
Total: 3.075900 ms (FindLiveObjects: 0.510300 ms CreateObjectMapping: 0.093400 ms MarkObjects: 2.442900 ms  DeleteObjects: 0.025600 ms)

AssetImportParameters requested are different than current active one (requested -> active):
  custom:graphics/normal-map-encoding: 01000000000000000000000000000000 -> 02000000000000000000000000000000
========================================================================
Received Import Request.
  Time since last request: 234.518689 seconds.
  path: Assets/Animations/Menu/YuksekPuanButonu.controller
  artifactKey: Guid(124ea3eceb5940944b2422a5d0146dca) Importer(815301076,1909f56bfc062723c751e8b465ee728b)
Start importing Assets/Animations/Menu/YuksekPuanButonu.controller using Guid(124ea3eceb5940944b2422a5d0146dca) Importer(815301076,1909f56bfc062723c751e8b465ee728b)  -> (artifact id: '65d33f00ec5ec06b61c46aeb273d2191') in 0.032219 seconds
  Import took 0.038539 seconds .

========================================================================
Received Import Request.
  Time since last request: 82.665744 seconds.
  path: Assets/Animations/Menu/YuksekPuan.Animation.anim
  artifactKey: Guid(5120bd13426c2a9479d6dbc252c41bb5) Importer(815301076,1909f56bfc062723c751e8b465ee728b)
Start importing Assets/Animations/Menu/YuksekPuan.Animation.anim using Guid(5120bd13426c2a9479d6dbc252c41bb5) Importer(815301076,1909f56bfc062723c751e8b465ee728b)  -> (artifact id: '5a86728d7f833062a78a5e438e3e8380') in 0.017656 seconds
  Import took 0.021804 seconds .

========================================================================
Received Import Request.
  Time since last request: 0.002946 seconds.
  path: Assets/Animations/Menu/YuksekPuan.Animation.anim
  artifactKey: Guid(5120bd13426c2a9479d6dbc252c41bb5) Importer(815301076,1909f56bfc062723c751e8b465ee728b)
Start importing Assets/Animations/Menu/YuksekPuan.Animation.anim using Guid(5120bd13426c2a9479d6dbc252c41bb5) Importer(815301076,1909f56bfc062723c751e8b465ee728b)  -> (artifact id: '5a86728d7f833062a78a5e438e3e8380') in 0.006596 seconds
  Import took 0.010514 seconds .

========================================================================
Received Prepare
Registering precompiled user dll's ...
Registered in 0.001283 seconds.
Begin MonoManager ReloadAssembly
Native extension for WindowsStandalone target not found
Refreshing native plugins compatible for Editor in 0.45 ms, found 0 plugins.
Preloading 0 native plugins for Editor in 0.00 ms.
Mono: successfully reloaded assembly
- Completed reload, in  1.702 seconds
Platform modules already initialized, skipping
Switching build target platform(5) subTarget(0) extendedPlatform(0) -> platform(13) subTarget(537395200) extendedPlatform(0)
Refreshing native plugins compatible for Editor in 0.45 ms, found 0 plugins.
Preloading 0 native plugins for Editor in 0.00 ms.
Unloading 1195 Unused Serialized files (Serialized files now loaded: 0)
System memory in use before: 63.4 MB.
System memory in use after: 63.5 MB.

Unloading 4 unused Assets to reduce memory usage. Loaded Objects now: 1772.
Total: 4.009200 ms (FindLiveObjects: 0.412400 ms CreateObjectMapping: 0.086900 ms MarkObjects: 3.475200 ms  DeleteObjects: 0.031600 ms)

AssetImportParameters requested are different than current active one (requested -> active):
  custom:graphics/normal-map-encoding: 01000000000000000000000000000000 -> 02000000000000000000000000000000
========================================================================
Received Prepare
Registering precompiled user dll's ...
Registered in 0.001430 seconds.
Begin MonoManager ReloadAssembly
Native extension for WindowsStandalone target not found
Refreshing native plugins compatible for Editor in 0.52 ms, found 0 plugins.
Preloading 0 native plugins for Editor in 0.00 ms.
Mono: successfully reloaded assembly
- Completed reload, in  1.535 seconds
Platform modules already initialized, skipping
Switching build target platform(5) subTarget(0) extendedPlatform(0) -> platform(13) subTarget(537395200) extendedPlatform(0)
Refreshing native plugins compatible for Editor in 0.45 ms, found 0 plugins.
Preloading 0 native plugins for Editor in 0.00 ms.
Unloading 1195 Unused Serialized files (Serialized files now loaded: 0)
System memory in use before: 63.4 MB.
System memory in use after: 63.5 MB.

Unloading 4 unused Assets to reduce memory usage. Loaded Objects now: 1775.
Total: 2.990500 ms (FindLiveObjects: 0.411200 ms CreateObjectMapping: 0.089100 ms MarkObjects: 2.463800 ms  DeleteObjects: 0.023800 ms)

AssetImportParameters requested are different than current active one (requested -> active):
  custom:graphics/normal-map-encoding: 01000000000000000000000000000000 -> 02000000000000000000000000000000
========================================================================
Received Import Request.
  Time since last request: 89.058787 seconds.
  path: Assets/Animations/Menu/Ayarlar.Animation.anim
  artifactKey: Guid(7ee269ac923828d46b1177b6b5feb75b) Importer(815301076,1909f56bfc062723c751e8b465ee728b)
Start importing Assets/Animations/Menu/Ayarlar.Animation.anim using Guid(7ee269ac923828d46b1177b6b5feb75b) Importer(815301076,1909f56bfc062723c751e8b465ee728b)  -> (artifact id: 'f31436be11c2421c94dd13d0c56f146b') in 0.026720 seconds
  Import took 0.031653 seconds .

========================================================================
Received Import Request.
  Time since last request: 0.018548 seconds.
  path: Assets/Animations/Menu/Ayarlar.Animation.anim
  artifactKey: Guid(7ee269ac923828d46b1177b6b5feb75b) Importer(815301076,1909f56bfc062723c751e8b465ee728b)
Start importing Assets/Animations/Menu/Ayarlar.Animation.anim using Guid(7ee269ac923828d46b1177b6b5feb75b) Importer(815301076,1909f56bfc062723c751e8b465ee728b)  -> (artifact id: 'f31436be11c2421c94dd13d0c56f146b') in 0.006973 seconds
  Import took 0.011336 seconds .

========================================================================
Received Import Request.
  Time since last request: 1.797894 seconds.
  path: Assets/Animations/Menu/AyarlarButonu.controller
  artifactKey: Guid(646052182d931c14880424cb873b6c60) Importer(815301076,1909f56bfc062723c751e8b465ee728b)
Start importing Assets/Animations/Menu/AyarlarButonu.controller using Guid(646052182d931c14880424cb873b6c60) Importer(815301076,1909f56bfc062723c751e8b465ee728b)  -> (artifact id: 'e49dcc3c7bfa207c334c3cb43042d1f7') in 0.016828 seconds
  Import took 0.022027 seconds .

========================================================================
Received Prepare
Registering precompiled user dll's ...
Registered in 0.001253 seconds.
Begin MonoManager ReloadAssembly
Native extension for WindowsStandalone target not found
Refreshing native plugins compatible for Editor in 0.45 ms, found 0 plugins.
Preloading 0 native plugins for Editor in 0.00 ms.
Mono: successfully reloaded assembly
- Completed reload, in  1.721 seconds
Platform modules already initialized, skipping
Switching build target platform(5) subTarget(0) extendedPlatform(0) -> platform(13) subTarget(537395200) extendedPlatform(0)
Refreshing native plugins compatible for Editor in 0.45 ms, found 0 plugins.
Preloading 0 native plugins for Editor in 0.00 ms.
Unloading 1195 Unused Serialized files (Serialized files now loaded: 0)
System memory in use before: 63.4 MB.
System memory in use after: 63.5 MB.

Unloading 4 unused Assets to reduce memory usage. Loaded Objects now: 1778.
Total: 3.111000 ms (FindLiveObjects: 0.428600 ms CreateObjectMapping: 0.082500 ms MarkObjects: 2.569200 ms  DeleteObjects: 0.028300 ms)

AssetImportParameters requested are different than current active one (requested -> active):
  custom:graphics/normal-map-encoding: 01000000000000000000000000000000 -> 02000000000000000000000000000000
========================================================================
Received Prepare
Registering precompiled user dll's ...
Registered in 0.001301 seconds.
Begin MonoManager ReloadAssembly
Native extension for WindowsStandalone target not found
Refreshing native plugins compatible for Editor in 0.45 ms, found 0 plugins.
Preloading 0 native plugins for Editor in 0.00 ms.
Mono: successfully reloaded assembly
- Completed reload, in  1.650 seconds
Platform modules already initialized, skipping
Switching build target platform(5) subTarget(0) extendedPlatform(0) -> platform(13) subTarget(537395200) extendedPlatform(0)
Refreshing native plugins compatible for Editor in 0.44 ms, found 0 plugins.
Preloading 0 native plugins for Editor in 0.00 ms.
Unloading 1195 Unused Serialized files (Serialized files now loaded: 0)
System memory in use before: 63.4 MB.
System memory in use after: 63.5 MB.

Unloading 4 unused Assets to reduce memory usage. Loaded Objects now: 1781.
Total: 2.861900 ms (FindLiveObjects: 0.303900 ms CreateObjectMapping: 0.075800 ms MarkObjects: 2.454400 ms  DeleteObjects: 0.025800 ms)

AssetImportParameters requested are different than current active one (requested -> active):
  custom:graphics/normal-map-encoding: 01000000000000000000000000000000 -> 02000000000000000000000000000000
========================================================================
Received Import Request.
  Time since last request: 152.950904 seconds.
  path: Assets/Animations/Menu/Muzik.Animation.anim
  artifactKey: Guid(2f406253834aa9d42b2a6f4d2c5ee7f8) Importer(815301076,1909f56bfc062723c751e8b465ee728b)
Start importing Assets/Animations/Menu/Muzik.Animation.anim using Guid(2f406253834aa9d42b2a6f4d2c5ee7f8) Importer(815301076,1909f56bfc062723c751e8b465ee728b)  -> (artifact id: '56daa226cf7604805c407ac397016c08') in 0.030186 seconds
  Import took 0.035034 seconds .

========================================================================
Received Import Request.
  Time since last request: 0.759745 seconds.
  path: Assets/Animations/Menu/MuzikButonu.controller
  artifactKey: Guid(acd6b66e7c754ee489c70fc067184fd2) Importer(815301076,1909f56bfc062723c751e8b465ee728b)
Start importing Assets/Animations/Menu/MuzikButonu.controller using Guid(acd6b66e7c754ee489c70fc067184fd2) Importer(815301076,1909f56bfc062723c751e8b465ee728b)  -> (artifact id: '304a6f8ecc2fbcfa0767a7b9022d4f8f') in 0.019882 seconds
  Import took 0.025454 seconds .

========================================================================
Received Import Request.
  Time since last request: 41.469117 seconds.
  path: Assets/Animations/Menu/MuzikButonu 1.controller
  artifactKey: Guid(ffe8c0c4e60a0ab4485318086c0f9fca) Importer(815301076,1909f56bfc062723c751e8b465ee728b)
Start importing Assets/Animations/Menu/MuzikButonu 1.controller using Guid(ffe8c0c4e60a0ab4485318086c0f9fca) Importer(815301076,1909f56bfc062723c751e8b465ee728b)  -> (artifact id: 'c763004a4ed57150aaec95b637da1238') in 0.016363 seconds
  Import took 0.023666 seconds .

========================================================================
Received Import Request.
  Time since last request: 24.274447 seconds.
  path: Assets/Animations/Menu/Öuzik.Animation.anim
  artifactKey: Guid(376f4cec0b5de1748a716bece45ea3fd) Importer(815301076,1909f56bfc062723c751e8b465ee728b)
Start importing Assets/Animations/Menu/Öuzik.Animation.anim using Guid(376f4cec0b5de1748a716bece45ea3fd) Importer(815301076,1909f56bfc062723c751e8b465ee728b)  -> (artifact id: '992ca54c811239f6d5d7c73fb7f93e49') in 0.016200 seconds
  Import took 0.021960 seconds .

========================================================================
Received Import Request.
  Time since last request: 0.033479 seconds.
  path: Assets/Animations/Menu/Öuzik.Animation.anim
  artifactKey: Guid(376f4cec0b5de1748a716bece45ea3fd) Importer(815301076,1909f56bfc062723c751e8b465ee728b)
Start importing Assets/Animations/Menu/Öuzik.Animation.anim using Guid(376f4cec0b5de1748a716bece45ea3fd) Importer(815301076,1909f56bfc062723c751e8b465ee728b)  -> (artifact id: '992ca54c811239f6d5d7c73fb7f93e49') in 0.006182 seconds
  Import took 0.010508 seconds .

========================================================================
Received Prepare
Registering precompiled user dll's ...
Registered in 0.001802 seconds.
Begin MonoManager ReloadAssembly
Native extension for WindowsStandalone target not found
Refreshing native plugins compatible for Editor in 0.45 ms, found 0 plugins.
Preloading 0 native plugins for Editor in 0.00 ms.
Mono: successfully reloaded assembly
- Completed reload, in  1.668 seconds
Platform modules already initialized, skipping
Switching build target platform(5) subTarget(0) extendedPlatform(0) -> platform(13) subTarget(537395200) extendedPlatform(0)
Refreshing native plugins compatible for Editor in 0.45 ms, found 0 plugins.
Preloading 0 native plugins for Editor in 0.00 ms.
Unloading 1195 Unused Serialized files (Serialized files now loaded: 0)
System memory in use before: 63.4 MB.
System memory in use after: 63.5 MB.

Unloading 4 unused Assets to reduce memory usage. Loaded Objects now: 1784.
Total: 2.916000 ms (FindLiveObjects: 0.269600 ms CreateObjectMapping: 0.073600 ms MarkObjects: 2.540300 ms  DeleteObjects: 0.030000 ms)

AssetImportParameters requested are different than current active one (requested -> active):
  custom:graphics/normal-map-encoding: 01000000000000000000000000000000 -> 02000000000000000000000000000000
========================================================================
Received Prepare
Registering precompiled user dll's ...
Registered in 0.001515 seconds.
Begin MonoManager ReloadAssembly
Native extension for WindowsStandalone target not found
Refreshing native plugins compatible for Editor in 0.46 ms, found 0 plugins.
Preloading 0 native plugins for Editor in 0.00 ms.
Mono: successfully reloaded assembly
- Completed reload, in  1.742 seconds
Platform modules already initialized, skipping
Switching build target platform(5) subTarget(0) extendedPlatform(0) -> platform(13) subTarget(537395200) extendedPlatform(0)
Refreshing native plugins compatible for Editor in 0.45 ms, found 0 plugins.
Preloading 0 native plugins for Editor in 0.00 ms.
Unloading 1195 Unused Serialized files (Serialized files now loaded: 0)
System memory in use before: 63.5 MB.
System memory in use after: 63.5 MB.

Unloading 4 unused Assets to reduce memory usage. Loaded Objects now: 1787.
Total: 3.129900 ms (FindLiveObjects: 0.457900 ms CreateObjectMapping: 0.087600 ms MarkObjects: 2.550000 ms  DeleteObjects: 0.031900 ms)

AssetImportParameters requested are different than current active one (requested -> active):
  custom:graphics/normal-map-encoding: 01000000000000000000000000000000 -> 02000000000000000000000000000000
========================================================================
Received Prepare
Registering precompiled user dll's ...
Registered in 0.001187 seconds.
Begin MonoManager ReloadAssembly
Native extension for WindowsStandalone target not found
Refreshing native plugins compatible for Editor in 0.48 ms, found 0 plugins.
Preloading 0 native plugins for Editor in 0.00 ms.
Mono: successfully reloaded assembly
- Completed reload, in  1.572 seconds
Platform modules already initialized, skipping
Switching build target platform(5) subTarget(0) extendedPlatform(0) -> platform(13) subTarget(537395200) extendedPlatform(0)
Refreshing native plugins compatible for Editor in 0.47 ms, found 0 plugins.
Preloading 0 native plugins for Editor in 0.00 ms.
Unloading 1195 Unused Serialized files (Serialized files now loaded: 0)
System memory in use before: 63.5 MB.
System memory in use after: 63.6 MB.

Unloading 4 unused Assets to reduce memory usage. Loaded Objects now: 1790.
Total: 3.046800 ms (FindLiveObjects: 0.452000 ms CreateObjectMapping: 0.074300 ms MarkObjects: 2.494800 ms  DeleteObjects: 0.023300 ms)

AssetImportParameters requested are different than current active one (requested -> active):
  custom:graphics/normal-map-encoding: 01000000000000000000000000000000 -> 02000000000000000000000000000000
========================================================================
Received Prepare
Registering precompiled user dll's ...
Registered in 0.001304 seconds.
Begin MonoManager ReloadAssembly
Native extension for WindowsStandalone target not found
Refreshing native plugins compatible for Editor in 0.45 ms, found 0 plugins.
Preloading 0 native plugins for Editor in 0.00 ms.
Mono: successfully reloaded assembly
- Completed reload, in  1.728 seconds
Platform modules already initialized, skipping
Switching build target platform(5) subTarget(0) extendedPlatform(0) -> platform(13) subTarget(537395200) extendedPlatform(0)
Refreshing native plugins compatible for Editor in 0.45 ms, found 0 plugins.
Preloading 0 native plugins for Editor in 0.00 ms.
Unloading 1195 Unused Serialized files (Serialized files now loaded: 0)
System memory in use before: 63.5 MB.
System memory in use after: 63.6 MB.

Unloading 4 unused Assets to reduce memory usage. Loaded Objects now: 1793.
Total: 2.927500 ms (FindLiveObjects: 0.315100 ms CreateObjectMapping: 0.074100 ms MarkObjects: 2.508000 ms  DeleteObjects: 0.027900 ms)

AssetImportParameters requested are different than current active one (requested -> active):
  custom:graphics/normal-map-encoding: 01000000000000000000000000000000 -> 02000000000000000000000000000000
========================================================================
Received Prepare
Registering precompiled user dll's ...
Registered in 0.001271 seconds.
Begin MonoManager ReloadAssembly
Native extension for WindowsStandalone target not found
Refreshing native plugins compatible for Editor in 0.45 ms, found 0 plugins.
Preloading 0 native plugins for Editor in 0.00 ms.
Mono: successfully reloaded assembly
- Completed reload, in  1.701 seconds
Platform modules already initialized, skipping
Switching build target platform(5) subTarget(0) extendedPlatform(0) -> platform(13) subTarget(537395200) extendedPlatform(0)
Refreshing native plugins compatible for Editor in 0.45 ms, found 0 plugins.
Preloading 0 native plugins for Editor in 0.00 ms.
Unloading 1195 Unused Serialized files (Serialized files now loaded: 0)
System memory in use before: 63.5 MB.
System memory in use after: 63.6 MB.

Unloading 4 unused Assets to reduce memory usage. Loaded Objects now: 1796.
Total: 4.272200 ms (FindLiveObjects: 0.442600 ms CreateObjectMapping: 0.087100 ms MarkObjects: 3.706300 ms  DeleteObjects: 0.032900 ms)

AssetImportParameters requested are different than current active one (requested -> active):
  custom:graphics/normal-map-encoding: 01000000000000000000000000000000 -> 02000000000000000000000000000000
========================================================================
Received Prepare
Registering precompiled user dll's ...
Registered in 0.001394 seconds.
Begin MonoManager ReloadAssembly
Native extension for WindowsStandalone target not found
Refreshing native plugins compatible for Editor in 0.61 ms, found 0 plugins.
Preloading 0 native plugins for Editor in 0.00 ms.
Mono: successfully reloaded assembly
- Completed reload, in  1.771 seconds
Platform modules already initialized, skipping
Switching build target platform(5) subTarget(0) extendedPlatform(0) -> platform(13) subTarget(537395200) extendedPlatform(0)
Refreshing native plugins compatible for Editor in 0.45 ms, found 0 plugins.
Preloading 0 native plugins for Editor in 0.00 ms.
Unloading 1195 Unused Serialized files (Serialized files now loaded: 0)
System memory in use before: 63.5 MB.
System memory in use after: 63.6 MB.

Unloading 4 unused Assets to reduce memory usage. Loaded Objects now: 1799.
Total: 3.131800 ms (FindLiveObjects: 0.416400 ms CreateObjectMapping: 0.081700 ms MarkObjects: 2.601400 ms  DeleteObjects: 0.029500 ms)

AssetImportParameters requested are different than current active one (requested -> active):
  custom:graphics/normal-map-encoding: 01000000000000000000000000000000 -> 02000000000000000000000000000000
========================================================================
Received Prepare
Registering precompiled user dll's ...
Registered in 0.001596 seconds.
Begin MonoManager ReloadAssembly
Native extension for WindowsStandalone target not found
Refreshing native plugins compatible for Editor in 0.47 ms, found 0 plugins.
Preloading 0 native plugins for Editor in 0.00 ms.
Mono: successfully reloaded assembly
- Completed reload, in  1.759 seconds
Platform modules already initialized, skipping
Switching build target platform(5) subTarget(0) extendedPlatform(0) -> platform(13) subTarget(537395200) extendedPlatform(0)
Refreshing native plugins compatible for Editor in 0.45 ms, found 0 plugins.
Preloading 0 native plugins for Editor in 0.00 ms.
Unloading 1195 Unused Serialized files (Serialized files now loaded: 0)
System memory in use before: 63.5 MB.
System memory in use after: 63.6 MB.

Unloading 4 unused Assets to reduce memory usage. Loaded Objects now: 1802.
Total: 3.170700 ms (FindLiveObjects: 0.450600 ms CreateObjectMapping: 0.088100 ms MarkObjects: 2.598500 ms  DeleteObjects: 0.031000 ms)

AssetImportParameters requested are different than current active one (requested -> active):
  custom:graphics/normal-map-encoding: 01000000000000000000000000000000 -> 02000000000000000000000000000000
========================================================================
Received Prepare
Registering precompiled user dll's ...
Registered in 0.001269 seconds.
Begin MonoManager ReloadAssembly
Native extension for WindowsStandalone target not found
Refreshing native plugins compatible for Editor in 0.45 ms, found 0 plugins.
Preloading 0 native plugins for Editor in 0.00 ms.
Mono: successfully reloaded assembly
- Completed reload, in  1.779 seconds
Platform modules already initialized, skipping
Switching build target platform(5) subTarget(0) extendedPlatform(0) -> platform(13) subTarget(537395200) extendedPlatform(0)
Refreshing native plugins compatible for Editor in 0.49 ms, found 0 plugins.
Preloading 0 native plugins for Editor in 0.00 ms.
Unloading 1195 Unused Serialized files (Serialized files now loaded: 0)
System memory in use before: 63.5 MB.
System memory in use after: 63.6 MB.

Unloading 4 unused Assets to reduce memory usage. Loaded Objects now: 1805.
Total: 2.998400 ms (FindLiveObjects: 0.271800 ms CreateObjectMapping: 0.073500 ms MarkObjects: 2.622700 ms  DeleteObjects: 0.028200 ms)

AssetImportParameters requested are different than current active one (requested -> active):
  custom:graphics/normal-map-encoding: 01000000000000000000000000000000 -> 02000000000000000000000000000000
========================================================================
Received Prepare
Registering precompiled user dll's ...
Registered in 0.001475 seconds.
Begin MonoManager ReloadAssembly
Native extension for WindowsStandalone target not found
Refreshing native plugins compatible for Editor in 0.57 ms, found 0 plugins.
Preloading 0 native plugins for Editor in 0.00 ms.
Mono: successfully reloaded assembly
- Completed reload, in  1.783 seconds
Platform modules already initialized, skipping
Switching build target platform(5) subTarget(0) extendedPlatform(0) -> platform(13) subTarget(537395200) extendedPlatform(0)
Refreshing native plugins compatible for Editor in 0.45 ms, found 0 plugins.
Preloading 0 native plugins for Editor in 0.00 ms.
Unloading 1195 Unused Serialized files (Serialized files now loaded: 0)
System memory in use before: 63.5 MB.
System memory in use after: 63.6 MB.

Unloading 4 unused Assets to reduce memory usage. Loaded Objects now: 1808.
Total: 3.162200 ms (FindLiveObjects: 0.428600 ms CreateObjectMapping: 0.087500 ms MarkObjects: 2.553800 ms  DeleteObjects: 0.090100 ms)

AssetImportParameters requested are different than current active one (requested -> active):
  custom:graphics/normal-map-encoding: 01000000000000000000000000000000 -> 02000000000000000000000000000000
========================================================================
Received Prepare
Registering precompiled user dll's ...
Registered in 0.001236 seconds.
Begin MonoManager ReloadAssembly
Native extension for WindowsStandalone target not found
Refreshing native plugins compatible for Editor in 0.57 ms, found 0 plugins.
Preloading 0 native plugins for Editor in 0.00 ms.
Mono: successfully reloaded assembly
- Completed reload, in  1.832 seconds
Platform modules already initialized, skipping
Switching build target platform(5) subTarget(0) extendedPlatform(0) -> platform(13) subTarget(537395200) extendedPlatform(0)
Refreshing native plugins compatible for Editor in 0.44 ms, found 0 plugins.
Preloading 0 native plugins for Editor in 0.00 ms.
Unloading 1195 Unused Serialized files (Serialized files now loaded: 0)
System memory in use before: 63.5 MB.
System memory in use after: 63.6 MB.

Unloading 4 unused Assets to reduce memory usage. Loaded Objects now: 1811.
Total: 3.328700 ms (FindLiveObjects: 0.446100 ms CreateObjectMapping: 0.091500 ms MarkObjects: 2.761400 ms  DeleteObjects: 0.027200 ms)

AssetImportParameters requested are different than current active one (requested -> active):
  custom:graphics/normal-map-encoding: 01000000000000000000000000000000 -> 02000000000000000000000000000000
========================================================================
Received Prepare
Registering precompiled user dll's ...
Registered in 0.001578 seconds.
Begin MonoManager ReloadAssembly
Native extension for WindowsStandalone target not found
Refreshing native plugins compatible for Editor in 0.47 ms, found 0 plugins.
Preloading 0 native plugins for Editor in 0.00 ms.
Mono: successfully reloaded assembly
- Completed reload, in  1.792 seconds
Platform modules already initialized, skipping
Switching build target platform(5) subTarget(0) extendedPlatform(0) -> platform(13) subTarget(537395200) extendedPlatform(0)
Refreshing native plugins compatible for Editor in 0.48 ms, found 0 plugins.
Preloading 0 native plugins for Editor in 0.00 ms.
Unloading 1195 Unused Serialized files (Serialized files now loaded: 0)
System memory in use before: 63.5 MB.
System memory in use after: 63.6 MB.

Unloading 4 unused Assets to reduce memory usage. Loaded Objects now: 1814.
Total: 3.527900 ms (FindLiveObjects: 0.262700 ms CreateObjectMapping: 0.073500 ms MarkObjects: 3.162900 ms  DeleteObjects: 0.026300 ms)

AssetImportParameters requested are different than current active one (requested -> active):
  custom:graphics/normal-map-encoding: 01000000000000000000000000000000 -> 02000000000000000000000000000000
========================================================================
Received Prepare
Registering precompiled user dll's ...
Registered in 0.001179 seconds.
Begin MonoManager ReloadAssembly
Native extension for WindowsStandalone target not found
Refreshing native plugins compatible for Editor in 0.45 ms, found 0 plugins.
Preloading 0 native plugins for Editor in 0.00 ms.
Mono: successfully reloaded assembly
- Completed reload, in  1.740 seconds
Platform modules already initialized, skipping
Switching build target platform(5) subTarget(0) extendedPlatform(0) -> platform(13) subTarget(537395200) extendedPlatform(0)
Refreshing native plugins compatible for Editor in 0.55 ms, found 0 plugins.
Preloading 0 native plugins for Editor in 0.00 ms.
Unloading 1195 Unused Serialized files (Serialized files now loaded: 0)
System memory in use before: 63.5 MB.
System memory in use after: 63.6 MB.

Unloading 4 unused Assets to reduce memory usage. Loaded Objects now: 1817.
Total: 3.126000 ms (FindLiveObjects: 0.317300 ms CreateObjectMapping: 0.075700 ms MarkObjects: 2.705600 ms  DeleteObjects: 0.025300 ms)

AssetImportParameters requested are different than current active one (requested -> active):
  custom:graphics/normal-map-encoding: 01000000000000000000000000000000 -> 02000000000000000000000000000000
========================================================================
Received Import Request.
  Time since last request: 325.411077 seconds.
  path: Assets/Scenes/Oyun.unity
  artifactKey: Guid(2cda990e2423bbf4892e6590ba056729) Importer(815301076,1909f56bfc062723c751e8b465ee728b)
Start importing Assets/Scenes/Oyun.unity using Guid(2cda990e2423bbf4892e6590ba056729) Importer(815301076,1909f56bfc062723c751e8b465ee728b)  -> (artifact id: '6b637d497b3d6a236c06310908dd8f97') in 0.029170 seconds
  Import took 0.034818 seconds .

========================================================================
Received Prepare
Registering precompiled user dll's ...
Registered in 0.001278 seconds.
Begin MonoManager ReloadAssembly
Native extension for WindowsStandalone target not found
Refreshing native plugins compatible for Editor in 0.45 ms, found 0 plugins.
Preloading 0 native plugins for Editor in 0.00 ms.
Mono: successfully reloaded assembly
- Completed reload, in  1.819 seconds
Platform modules already initialized, skipping
Switching build target platform(5) subTarget(0) extendedPlatform(0) -> platform(13) subTarget(537395200) extendedPlatform(0)
Refreshing native plugins compatible for Editor in 0.53 ms, found 0 plugins.
Preloading 0 native plugins for Editor in 0.00 ms.
Unloading 1195 Unused Serialized files (Serialized files now loaded: 0)
System memory in use before: 63.5 MB.
System memory in use after: 63.6 MB.

Unloading 4 unused Assets to reduce memory usage. Loaded Objects now: 1820.
Total: 3.605300 ms (FindLiveObjects: 0.507500 ms CreateObjectMapping: 0.089600 ms MarkObjects: 2.979200 ms  DeleteObjects: 0.026000 ms)

AssetImportParameters requested are different than current active one (requested -> active):
  custom:graphics/normal-map-encoding: 01000000000000000000000000000000 -> 02000000000000000000000000000000
========================================================================
Received Prepare
Registering precompiled user dll's ...
Registered in 0.001698 seconds.
Begin MonoManager ReloadAssembly
Native extension for WindowsStandalone target not found
Refreshing native plugins compatible for Editor in 0.57 ms, found 0 plugins.
Preloading 0 native plugins for Editor in 0.00 ms.
Mono: successfully reloaded assembly
- Completed reload, in  1.854 seconds
Platform modules already initialized, skipping
Switching build target platform(5) subTarget(0) extendedPlatform(0) -> platform(13) subTarget(537395200) extendedPlatform(0)
Refreshing native plugins compatible for Editor in 0.44 ms, found 0 plugins.
Preloading 0 native plugins for Editor in 0.00 ms.
Unloading 1195 Unused Serialized files (Serialized files now loaded: 0)
System memory in use before: 63.5 MB.
System memory in use after: 63.6 MB.

Unloading 4 unused Assets to reduce memory usage. Loaded Objects now: 1823.
Total: 3.121200 ms (FindLiveObjects: 0.448100 ms CreateObjectMapping: 0.089300 ms MarkObjects: 2.552300 ms  DeleteObjects: 0.029100 ms)

AssetImportParameters requested are different than current active one (requested -> active):
  custom:graphics/normal-map-encoding: 01000000000000000000000000000000 -> 02000000000000000000000000000000
========================================================================
Received Prepare
Registering precompiled user dll's ...
Registered in 0.001274 seconds.
Begin MonoManager ReloadAssembly
Native extension for WindowsStandalone target not found
Refreshing native plugins compatible for Editor in 0.48 ms, found 0 plugins.
Preloading 0 native plugins for Editor in 0.00 ms.
Mono: successfully reloaded assembly
- Completed reload, in  1.879 seconds
Platform modules already initialized, skipping
Switching build target platform(5) subTarget(0) extendedPlatform(0) -> platform(13) subTarget(537395200) extendedPlatform(0)
Refreshing native plugins compatible for Editor in 0.45 ms, found 0 plugins.
Preloading 0 native plugins for Editor in 0.00 ms.
Unloading 1195 Unused Serialized files (Serialized files now loaded: 0)
System memory in use before: 63.5 MB.
System memory in use after: 63.6 MB.

Unloading 4 unused Assets to reduce memory usage. Loaded Objects now: 1826.
Total: 2.953100 ms (FindLiveObjects: 0.268200 ms CreateObjectMapping: 0.075900 ms MarkObjects: 2.577100 ms  DeleteObjects: 0.029500 ms)

AssetImportParameters requested are different than current active one (requested -> active):
  custom:graphics/normal-map-encoding: 01000000000000000000000000000000 -> 02000000000000000000000000000000
========================================================================
Received Import Request.
  Time since last request: 58.174737 seconds.
  path: Assets/Scenes/Menu.unity
  artifactKey: Guid(0654dc14a34c1c5439f4ab9280cf638c) Importer(815301076,1909f56bfc062723c751e8b465ee728b)
Start importing Assets/Scenes/Menu.unity using Guid(0654dc14a34c1c5439f4ab9280cf638c) Importer(815301076,1909f56bfc062723c751e8b465ee728b)  -> (artifact id: 'f63b7073d96a2667bd2bb0ce2251d6d4') in 0.027792 seconds
  Import took 0.032231 seconds .

========================================================================
Received Prepare
Registering precompiled user dll's ...
Registered in 0.002146 seconds.
Begin MonoManager ReloadAssembly
Native extension for WindowsStandalone target not found
Refreshing native plugins compatible for Editor in 0.46 ms, found 0 plugins.
Preloading 0 native plugins for Editor in 0.00 ms.
Mono: successfully reloaded assembly
- Completed reload, in  1.776 seconds
Platform modules already initialized, skipping
Switching build target platform(5) subTarget(0) extendedPlatform(0) -> platform(13) subTarget(537395200) extendedPlatform(0)
Refreshing native plugins compatible for Editor in 0.44 ms, found 0 plugins.
Preloading 0 native plugins for Editor in 0.00 ms.
Unloading 1195 Unused Serialized files (Serialized files now loaded: 0)
System memory in use before: 63.5 MB.
System memory in use after: 63.6 MB.

Unloading 4 unused Assets to reduce memory usage. Loaded Objects now: 1829.
Total: 2.936500 ms (FindLiveObjects: 0.326000 ms CreateObjectMapping: 0.073700 ms MarkObjects: 2.511600 ms  DeleteObjects: 0.022500 ms)

AssetImportParameters requested are different than current active one (requested -> active):
  custom:graphics/normal-map-encoding: 01000000000000000000000000000000 -> 02000000000000000000000000000000
AssetImportWorkerClient::OnTransportError - code=2 error=End of file
